<?xml version="1.0" encoding="UTF-8"?>
<!-- Generated by org.testng.reporters.JUnitReportReporter -->
<testsuite hostname="DESKTOP-19GLPII" failures="0" tests="1" name="MORU.MORU.login" time="4.282" errors="0" timestamp="2022-10-12T15:58:18 NPT" skipped="0">
  <testcase classname="MORU.MORU.login" name="loginn" time="4.282"/>
  <system-out/>
</testsuite> <!-- MORU.MORU.login -->
